Using pre-set license
Built from '2021.3/staging' branch; Version is '2021.3.0f1 (6eacc8284459) revision 7253192'; Using compiler version '192829333'; Build Type 'Release'
OS: 'Windows 10  (10.0.19045) 64bit Professional' Language: 'en' Physical Memory: 8073 MB
BatchMode: 1, IsHumanControllingUs: 0, StartBugReporterOnCrash: 0, Is64bit: 1, IsPro: 1

COMMAND LINE ARGUMENTS:
C:\Users\vanhu\Desktop\unity3d\2021.3.0f1\Editor\Unity.exe
-adb2
-batchMode
-noUpm
-name
AssetImportWorker1
-projectPath
C:/Users/vanhu/Desktop/Projects/game-mobile
-logFile
Logs/AssetImportWorker1.log
-srvPort
54929
Successfully changed project path to: C:/Users/vanhu/Desktop/Projects/game-mobile
C:/Users/vanhu/Desktop/Projects/game-mobile
[UnityMemory] Configuration Parameters - Can be set up in boot.config
    "memorysetup-bucket-allocator-granularity=16"
    "memorysetup-bucket-allocator-bucket-count=8"
    "memorysetup-bucket-allocator-block-size=33554432"
    "memorysetup-bucket-allocator-block-count=8"
    "memorysetup-main-allocator-block-size=16777216"
    "memorysetup-thread-allocator-block-size=16777216"
    "memorysetup-gfx-main-allocator-block-size=16777216"
    "memorysetup-gfx-thread-allocator-block-size=16777216"
    "memorysetup-cache-allocator-block-size=4194304"
    "memorysetup-typetree-allocator-block-size=2097152"
    "memorysetup-profiler-bucket-allocator-granularity=16"
    "memorysetup-profiler-bucket-allocator-bucket-count=8"
    "memorysetup-profiler-bucket-allocator-block-size=33554432"
    "memorysetup-profiler-bucket-allocator-block-count=8"
    "memorysetup-profiler-allocator-block-size=16777216"
    "memorysetup-profiler-editor-allocator-block-size=1048576"
    "memorysetup-temp-allocator-size-main=16777216"
    "memorysetup-job-temp-allocator-block-size=2097152"
    "memorysetup-job-temp-allocator-block-size-background=1048576"
    "memorysetup-job-temp-allocator-reduction-small-platforms=262144"
    "memorysetup-temp-allocator-size-background-worker=32768"
    "memorysetup-temp-allocator-size-job-worker=262144"
    "memorysetup-temp-allocator-size-preload-manager=33554432"
    "memorysetup-temp-allocator-size-nav-mesh-worker=65536"
    "memorysetup-temp-allocator-size-audio-worker=65536"
    "memorysetup-temp-allocator-size-cloud-worker=32768"
    "memorysetup-temp-allocator-size-gi-baking-worker=262144"
    "memorysetup-temp-allocator-size-gfx=262144"
Refreshing native plugins compatible for Editor in 106.55 ms, found 2 plugins.
Preloading 0 native plugins for Editor in 0.00 ms.
Initialize engine version: 2021.3.0f1 (6eacc8284459)
[Subsystems] Discovering subsystems at path C:/Users/vanhu/Desktop/unity3d/2021.3.0f1/Editor/Data/Resources/UnitySubsystems
[Subsystems] Discovering subsystems at path C:/Users/vanhu/Desktop/Projects/game-mobile/Assets
GfxDevice: creating device client; threaded=0; jobified=0
Direct3D:
    Version:  Direct3D 11.0 [level 11.0]
    Renderer: NVIDIA Quadro K1100M (ID=0xff6)
    Vendor:   NVIDIA
    VRAM:     2018 MB
    Driver:   22.21.13.8573
Initialize mono
Mono path[0] = 'C:/Users/vanhu/Desktop/unity3d/2021.3.0f1/Editor/Data/Managed'
Mono path[1] = 'C:/Users/vanhu/Desktop/unity3d/2021.3.0f1/Editor/Data/MonoBleedingEdge/lib/mono/unityjit-win32'
Mono config path = 'C:/Users/vanhu/Desktop/unity3d/2021.3.0f1/Editor/Data/MonoBleedingEdge/etc'
Using monoOptions --debugger-agent=transport=dt_socket,embedding=1,server=y,suspend=n,address=127.0.0.1:56984
Begin MonoManager ReloadAssembly
Registering precompiled unity dll's ...
Register platform support module: C:/Users/vanhu/Desktop/unity3d/2021.3.0f1/Editor/Data/PlaybackEngines/WebGLSupport/UnityEditor.WebGL.Extensions.dll
Register platform support module: C:/Users/vanhu/Desktop/unity3d/2021.3.0f1/Editor/Data/PlaybackEngines/AndroidPlayer/UnityEditor.Android.Extensions.dll
Register platform support module: C:/Users/vanhu/Desktop/unity3d/2021.3.0f1/Editor/Data/PlaybackEngines/WindowsStandaloneSupport/UnityEditor.WindowsStandalone.Extensions.dll
Registered in 0.021596 seconds.
Native extension for WindowsStandalone target not found
Native extension for Android target not found
Native extension for WebGL target not found
Refreshing native plugins compatible for Editor in 72.83 ms, found 2 plugins.
Preloading 0 native plugins for Editor in 0.00 ms.
Mono: successfully reloaded assembly
- Completed reload, in  1.054 seconds
Domain Reload Profiling:
	ReloadAssembly (1055ms)
		BeginReloadAssembly (152ms)
			ExecutionOrderSort (0ms)
			DisableScriptedObjects (0ms)
			BackupInstance (0ms)
			ReleaseScriptingObjects (0ms)
			CreateAndSetChildDomain (1ms)
		EndReloadAssembly (737ms)
			LoadAssemblies (149ms)
			RebuildTransferFunctionScriptingTraits (0ms)
			SetupTypeCache (175ms)
			ReleaseScriptCaches (0ms)
			RebuildScriptCaches (35ms)
			SetupLoadedEditorAssemblies (444ms)
				LogAssemblyErrors (0ms)
				InitializePlatformSupportModulesInManaged (112ms)
				SetLoadedEditorAssemblies (0ms)
				RefreshPlugins (73ms)
				BeforeProcessingInitializeOnLoad (1ms)
				ProcessInitializeOnLoadAttributes (165ms)
				ProcessInitializeOnLoadMethodAttributes (91ms)
				AfterProcessingInitializeOnLoad (0ms)
				EditorAssembliesLoaded (0ms)
			ExecutionOrderSort2 (0ms)
			AwakeInstancesAfterBackupRestoration (0ms)
Platform modules already initialized, skipping
Registering precompiled user dll's ...
Registered in 0.014192 seconds.
Begin MonoManager ReloadAssembly
Native extension for WindowsStandalone target not found
Native extension for Android target not found
Native extension for WebGL target not found
Refreshing native plugins compatible for Editor in 2.15 ms, found 2 plugins.
Preloading 0 native plugins for Editor in 0.00 ms.
Package Manager log level set to [2]
Mono: successfully reloaded assembly
- Completed reload, in  2.157 seconds
Domain Reload Profiling:
	ReloadAssembly (2163ms)
		BeginReloadAssembly (313ms)
			ExecutionOrderSort (0ms)
			DisableScriptedObjects (16ms)
			BackupInstance (0ms)
			ReleaseScriptingObjects (0ms)
			CreateAndSetChildDomain (144ms)
		EndReloadAssembly (1654ms)
			LoadAssemblies (138ms)
			RebuildTransferFunctionScriptingTraits (0ms)
			SetupTypeCache (319ms)
			ReleaseScriptCaches (1ms)
			RebuildScriptCaches (67ms)
			SetupLoadedEditorAssemblies (1050ms)
				LogAssemblyErrors (0ms)
				InitializePlatformSupportModulesInManaged (32ms)
				SetLoadedEditorAssemblies (1ms)
				RefreshPlugins (2ms)
				BeforeProcessingInitializeOnLoad (167ms)
				ProcessInitializeOnLoadAttributes (316ms)
				ProcessInitializeOnLoadMethodAttributes (512ms)
				AfterProcessingInitializeOnLoad (19ms)
				EditorAssembliesLoaded (0ms)
			ExecutionOrderSort2 (0ms)
			AwakeInstancesAfterBackupRestoration (12ms)
Platform modules already initialized, skipping
========================================================================
Worker process is ready to serve import requests
Launched and connected shader compiler UnityShaderCompiler.exe after 0.09 seconds
Refreshing native plugins compatible for Editor in 0.79 ms, found 2 plugins.
Preloading 0 native plugins for Editor in 0.00 ms.
Unloading 2400 Unused Serialized files (Serialized files now loaded: 0)
Unloading 68 unused Assets / (204.2 KB). Loaded Objects now: 2831.
Memory consumption went from 98.5 MB to 98.3 MB.
Total: 8.616200 ms (FindLiveObjects: 0.278300 ms CreateObjectMapping: 0.287500 ms MarkObjects: 7.902500 ms  DeleteObjects: 0.146600 ms)

AssetImportParameters requested are different than current active one (requested -> active):
  custom:video-decoder-ogg-theora: a1e56fd34408186e4bbccfd4996cb3dc -> 
  custom:container-muxer-webm: aa71ff27fc2769a1b78a27578f13a17b -> 
  custom:container-demuxer-webm: 4f35f7cbe854078d1ac9338744f61a02 -> 
  custom:video-encoder-webm-vp8: eb34c28f22e8b96e1ab97ce403110664 -> 
  custom:audio-encoder-webm-vorbis: bf7c407c2cedff20999df2af8eb42d56 -> 
  custom:framework-win-MediaFoundation: 216162199b28c13a410421893ffa2e32 -> 
  custom:container-demuxer-ogg: 62fdf1f143b41e24485cea50d1cbac27 -> 
  custom:video-decoder-webm-vp8: 9c59270c3fd7afecdb556c50c9e8de78 -> 
  custom:audio-decoder-ogg-vorbis: bf7c407c2cedff20999df2af8eb42d56 -> 
========================================================================
Received Import Request.
  Time since last request: 6656.479077 seconds.
  path: Assets/Prefabs/CameraMainAxis.prefab
  artifactKey: Guid(2dbdcd1b26bbae74aa02a6d41c8ab405) Importer(815301076,1909f56bfc062723c751e8b465ee728b)
Start importing Assets/Prefabs/CameraMainAxis.prefab using Guid(2dbdcd1b26bbae74aa02a6d41c8ab405) Importer(815301076,1909f56bfc062723c751e8b465ee728b)  -> (artifact id: 'b4f3833ca5d0f26b9dc857735990c537') in 0.067649 seconds 
========================================================================
Received Import Request.
  Time since last request: 0.000071 seconds.
  path: Assets/Prefabs/RedRunner.prefab
  artifactKey: Guid(639fab1b9d4c44d44908b5a6ecaceafc) Importer(815301076,1909f56bfc062723c751e8b465ee728b)
Start importing Assets/Prefabs/RedRunner.prefab using Guid(639fab1b9d4c44d44908b5a6ecaceafc) Importer(815301076,1909f56bfc062723c751e8b465ee728b)  -> (artifact id: '75eeb10d556355f3b19b05fa49784463') in 0.164996 seconds 
========================================================================
Received Import Request.
  Time since last request: 1.568683 seconds.
  path: Assets/Prefabs/Background Blocks/Block_2.prefab
  artifactKey: Guid(eba8179e0f03b8449ae94002346e938d) Importer(815301076,1909f56bfc062723c751e8b465ee728b)
Start importing Assets/Prefabs/Background Blocks/Block_2.prefab using Guid(eba8179e0f03b8449ae94002346e938d) Importer(815301076,1909f56bfc062723c751e8b465ee728b)  -> (artifact id: '2ff3e8f94b4bbe5c169c7f69dc9e1264') in 0.086724 seconds 
========================================================================
Received Import Request.
  Time since last request: 0.000023 seconds.
  path: Assets/Prefabs/Background Blocks/Block_Near_1.prefab
  artifactKey: Guid(119d3952b607daa4c93a1aedafa500c9) Importer(815301076,1909f56bfc062723c751e8b465ee728b)
Start importing Assets/Prefabs/Background Blocks/Block_Near_1.prefab using Guid(119d3952b607daa4c93a1aedafa500c9) Importer(815301076,1909f56bfc062723c751e8b465ee728b)  -> (artifact id: '6f078b8e93730a7c58d762382ddc9597') in 0.024026 seconds 
========================================================================
Received Import Request.
  Time since last request: 0.000028 seconds.
  path: Assets/Prefabs/Background Blocks/Block_Near_3.prefab
  artifactKey: Guid(38e0b4359d978c144bc8a4f9f9026e32) Importer(815301076,1909f56bfc062723c751e8b465ee728b)
Start importing Assets/Prefabs/Background Blocks/Block_Near_3.prefab using Guid(38e0b4359d978c144bc8a4f9f9026e32) Importer(815301076,1909f56bfc062723c751e8b465ee728b)  -> (artifact id: '32bc265f07e827eee3aa504c38d2908e') in 0.026080 seconds 
========================================================================
Received Import Request.
  Time since last request: 0.000021 seconds.
  path: Assets/Prefabs/Background Blocks/Block_Far_3.prefab
  artifactKey: Guid(b7afbc44c786ddc4b8e2457c2eb404c5) Importer(815301076,1909f56bfc062723c751e8b465ee728b)
Start importing Assets/Prefabs/Background Blocks/Block_Far_3.prefab using Guid(b7afbc44c786ddc4b8e2457c2eb404c5) Importer(815301076,1909f56bfc062723c751e8b465ee728b)  -> (artifact id: '52ed303b2b9a6abc36f63d7a30eca8cc') in 0.041803 seconds 
========================================================================
Received Import Request.
  Time since last request: 0.000023 seconds.
  path: Assets/Prefabs/Background Blocks/Block_3.prefab
  artifactKey: Guid(485de872e37d7ae42b14f1b19a98ee84) Importer(815301076,1909f56bfc062723c751e8b465ee728b)
Start importing Assets/Prefabs/Background Blocks/Block_3.prefab using Guid(485de872e37d7ae42b14f1b19a98ee84) Importer(815301076,1909f56bfc062723c751e8b465ee728b)  -> (artifact id: '49f637c80894e119f2e962970d7b5659') in 0.066675 seconds 
========================================================================
Received Import Request.
  Time since last request: 0.000021 seconds.
  path: Assets/Prefabs/Background Blocks/Block_Far_2.prefab
  artifactKey: Guid(b0aae62819aec2f40a8b909f9f6c5f56) Importer(815301076,1909f56bfc062723c751e8b465ee728b)
Start importing Assets/Prefabs/Background Blocks/Block_Far_2.prefab using Guid(b0aae62819aec2f40a8b909f9f6c5f56) Importer(815301076,1909f56bfc062723c751e8b465ee728b)  -> (artifact id: 'f2b23013ad66279c02b178b8cdbc204e') in 0.027567 seconds 
========================================================================
Received Import Request.
  Time since last request: 3.658109 seconds.
  path: Assets/Prefabs/Blocks/Middle_1.prefab
  artifactKey: Guid(d6f19279df1a14b45a881bf136d25d2a) Importer(815301076,1909f56bfc062723c751e8b465ee728b)
Start importing Assets/Prefabs/Blocks/Middle_1.prefab using Guid(d6f19279df1a14b45a881bf136d25d2a) Importer(815301076,1909f56bfc062723c751e8b465ee728b) Tried select unknown importer for id '-2' '00000000000000000000000000000000'
 -> (artifact id: '850fc024baac4870b8dc71a87cf42c34') in 0.108828 seconds 
========================================================================
Received Import Request.
  Time since last request: 0.000044 seconds.
  path: Assets/Prefabs/Blocks/Middle_14.prefab
  artifactKey: Guid(5febe23f5b0e58046be8b965ae251e23) Importer(815301076,1909f56bfc062723c751e8b465ee728b)
Start importing Assets/Prefabs/Blocks/Middle_14.prefab using Guid(5febe23f5b0e58046be8b965ae251e23) Importer(815301076,1909f56bfc062723c751e8b465ee728b) Tried select unknown importer for id '-2' '00000000000000000000000000000000'
 -> (artifact id: 'd35d0e3781e42209ae0067891082f904') in 0.115317 seconds 
========================================================================
Received Import Request.
  Time since last request: 0.000034 seconds.
  path: Assets/Prefabs/Blocks/Start.prefab
  artifactKey: Guid(9a775b549d469f74196fb38cb84acf0b) Importer(815301076,1909f56bfc062723c751e8b465ee728b)
Start importing Assets/Prefabs/Blocks/Start.prefab using Guid(9a775b549d469f74196fb38cb84acf0b) Importer(815301076,1909f56bfc062723c751e8b465ee728b)  -> (artifact id: '45bc18e86dfe302592627d5882646e06') in 0.059874 seconds 
========================================================================
Received Import Request.
  Time since last request: 0.000033 seconds.
  path: Assets/Prefabs/Blocks/Middle_2.prefab
  artifactKey: Guid(b57aef71f258b074c9241d85be4936fb) Importer(815301076,1909f56bfc062723c751e8b465ee728b)
Start importing Assets/Prefabs/Blocks/Middle_2.prefab using Guid(b57aef71f258b074c9241d85be4936fb) Importer(815301076,1909f56bfc062723c751e8b465ee728b)  -> (artifact id: '4cfb84efb6cdab9a8c25f24c9492207a') in 0.040564 seconds 
========================================================================
Received Import Request.
  Time since last request: 0.000029 seconds.
  path: Assets/Prefabs/Blocks/Middle_15.prefab
  artifactKey: Guid(e3e2f45933978fb46bc321b3062cfe3b) Importer(815301076,1909f56bfc062723c751e8b465ee728b)
Start importing Assets/Prefabs/Blocks/Middle_15.prefab using Guid(e3e2f45933978fb46bc321b3062cfe3b) Importer(815301076,1909f56bfc062723c751e8b465ee728b) Tried select unknown importer for id '-2' '00000000000000000000000000000000'
 -> (artifact id: '69792d00ca8967e0de2e06a6611c1923') in 0.047839 seconds 
========================================================================
Received Import Request.
  Time since last request: 0.000026 seconds.
  path: Assets/Prefabs/Blocks/Middle_6.prefab
  artifactKey: Guid(2d64712e7f51a2044b6538986806f5a7) Importer(815301076,1909f56bfc062723c751e8b465ee728b)
Start importing Assets/Prefabs/Blocks/Middle_6.prefab using Guid(2d64712e7f51a2044b6538986806f5a7) Importer(815301076,1909f56bfc062723c751e8b465ee728b) Tried select unknown importer for id '-2' '00000000000000000000000000000000'
 -> (artifact id: '2d08e5fc906065f7027401b2e752b710') in 0.094694 seconds 
========================================================================
Received Import Request.
  Time since last request: 0.000033 seconds.
  path: Assets/Prefabs/Blocks/Middle_5.prefab
  artifactKey: Guid(5f0424de7d9fa9342a23732f3e037378) Importer(815301076,1909f56bfc062723c751e8b465ee728b)
Start importing Assets/Prefabs/Blocks/Middle_5.prefab using Guid(5f0424de7d9fa9342a23732f3e037378) Importer(815301076,1909f56bfc062723c751e8b465ee728b)  -> (artifact id: '0ba9d59785751886b098d9bc648bae50') in 0.075247 seconds 
========================================================================
Received Import Request.
  Time since last request: 0.000031 seconds.
  path: Assets/Prefabs/Blocks/Middle_13.prefab
  artifactKey: Guid(0983e63aa3847904aad91fb0009b7cdf) Importer(815301076,1909f56bfc062723c751e8b465ee728b)
Start importing Assets/Prefabs/Blocks/Middle_13.prefab using Guid(0983e63aa3847904aad91fb0009b7cdf) Importer(815301076,1909f56bfc062723c751e8b465ee728b) Tried select unknown importer for id '-2' '00000000000000000000000000000000'
 -> (artifact id: 'a1ccb27127b8c02018643afb55fe9015') in 0.067801 seconds 
========================================================================
Received Import Request.
  Time since last request: 0.000029 seconds.
  path: Assets/Prefabs/Blocks/Middle_12.prefab
  artifactKey: Guid(28b5a8028cc1b464dbf625ec31f00e5a) Importer(815301076,1909f56bfc062723c751e8b465ee728b)
Start importing Assets/Prefabs/Blocks/Middle_12.prefab using Guid(28b5a8028cc1b464dbf625ec31f00e5a) Importer(815301076,1909f56bfc062723c751e8b465ee728b) Tried select unknown importer for id '-2' '00000000000000000000000000000000'
 -> (artifact id: '0dc2a5586fa53bd035cc783ab8611168') in 0.069754 seconds 
========================================================================
Received Import Request.
  Time since last request: 0.717374 seconds.
  path: Assets/Prefabs/Collectables/Chest Big.prefab
  artifactKey: Guid(5b9783ec6577fc64f949abe9400ecce0) Importer(815301076,1909f56bfc062723c751e8b465ee728b)
Start importing Assets/Prefabs/Collectables/Chest Big.prefab using Guid(5b9783ec6577fc64f949abe9400ecce0) Importer(815301076,1909f56bfc062723c751e8b465ee728b)  -> (artifact id: 'e9d1d58f031d2768445f71b931dbe2b6') in 0.034363 seconds 
========================================================================
Received Import Request.
  Time since last request: 0.000022 seconds.
  path: Assets/Prefabs/Collectables/Chest.prefab
  artifactKey: Guid(7bd266a32081053489e2c557d0782359) Importer(815301076,1909f56bfc062723c751e8b465ee728b)
Start importing Assets/Prefabs/Collectables/Chest.prefab using Guid(7bd266a32081053489e2c557d0782359) Importer(815301076,1909f56bfc062723c751e8b465ee728b)  -> (artifact id: 'ac6dc7f879ad3aea7242282c4d4544f9') in 0.032707 seconds 
========================================================================
Received Import Request.
  Time since last request: 0.000022 seconds.
  path: Assets/Prefabs/Collectables/Coin Rigidbody2D.prefab
  artifactKey: Guid(9d671a82b72516f4b8a0f1383c9fc34b) Importer(815301076,1909f56bfc062723c751e8b465ee728b)
Start importing Assets/Prefabs/Collectables/Coin Rigidbody2D.prefab using Guid(9d671a82b72516f4b8a0f1383c9fc34b) Importer(815301076,1909f56bfc062723c751e8b465ee728b)  -> (artifact id: 'ee415d95ea8499b52d00b86de9f79711') in 0.029950 seconds 
========================================================================
Received Import Request.
  Time since last request: 0.642176 seconds.
  path: Assets/Prefabs/Enemies/circle.png
  artifactKey: Guid(91e3ce7bdb50e564b93c6ccaaeb43b7d) Importer(815301076,1909f56bfc062723c751e8b465ee728b)
Start importing Assets/Prefabs/Enemies/circle.png using Guid(91e3ce7bdb50e564b93c6ccaaeb43b7d) Importer(815301076,1909f56bfc062723c751e8b465ee728b)  -> (artifact id: '0559dfdb88241c44f935c85e9bd05220') in 0.053872 seconds 
========================================================================
Received Import Request.
  Time since last request: 0.000026 seconds.
  path: Assets/Prefabs/Enemies/Saw 512.prefab
  artifactKey: Guid(2cfdb327bee8aa841853179d5370faf3) Importer(815301076,1909f56bfc062723c751e8b465ee728b)
Start importing Assets/Prefabs/Enemies/Saw 512.prefab using Guid(2cfdb327bee8aa841853179d5370faf3) Importer(815301076,1909f56bfc062723c751e8b465ee728b)  -> (artifact id: 'd43a0b710450ee078adc13d40912cb06') in 0.018950 seconds 
========================================================================
Received Import Request.
  Time since last request: 0.000031 seconds.
  path: Assets/Prefabs/Enemies/Saw 1.prefab
  artifactKey: Guid(10ba327752acb2044acb0800fa24c9c7) Importer(815301076,1909f56bfc062723c751e8b465ee728b)
Start importing Assets/Prefabs/Enemies/Saw 1.prefab using Guid(10ba327752acb2044acb0800fa24c9c7) Importer(815301076,1909f56bfc062723c751e8b465ee728b)  -> (artifact id: 'fd1c191fe1acb8a8ee42de552678ec5c') in 0.013545 seconds 
========================================================================
Received Import Request.
  Time since last request: 0.000022 seconds.
  path: Assets/Prefabs/Enemies/Water.prefab
  artifactKey: Guid(d4ca9e2a20f0914479cc7cbfa0958571) Importer(815301076,1909f56bfc062723c751e8b465ee728b)
Start importing Assets/Prefabs/Enemies/Water.prefab using Guid(d4ca9e2a20f0914479cc7cbfa0958571) Importer(815301076,1909f56bfc062723c751e8b465ee728b)  -> (artifact id: '7157a175c0eecfd929b5a7a4069b007f') in 0.028000 seconds 
========================================================================
Received Import Request.
  Time since last request: 0.000025 seconds.
  path: Assets/Prefabs/Enemies/Path.prefab
  artifactKey: Guid(6d928eee753d1af4196f30c50da9a410) Importer(815301076,1909f56bfc062723c751e8b465ee728b)
Start importing Assets/Prefabs/Enemies/Path.prefab using Guid(6d928eee753d1af4196f30c50da9a410) Importer(815301076,1909f56bfc062723c751e8b465ee728b)  -> (artifact id: '3d2f0f5b19c169d770a092b0eb3a1b4c') in 0.007162 seconds 
========================================================================
Received Import Request.
  Time since last request: 0.000026 seconds.
  path: Assets/Prefabs/Enemies/Saw Semicircular Left.prefab
  artifactKey: Guid(60e017ad83e96a348b261fc8d6029fd3) Importer(815301076,1909f56bfc062723c751e8b465ee728b)
Start importing Assets/Prefabs/Enemies/Saw Semicircular Left.prefab using Guid(60e017ad83e96a348b261fc8d6029fd3) Importer(815301076,1909f56bfc062723c751e8b465ee728b)  -> (artifact id: 'df3c3909e692507cd27d73845891fd9b') in 0.012725 seconds 
========================================================================
Received Import Request.
  Time since last request: 0.000024 seconds.
  path: Assets/Prefabs/Enemies/Mace 256.prefab
  artifactKey: Guid(fc699f5daa3eb6e42aa9d2e557cdcfab) Importer(815301076,1909f56bfc062723c751e8b465ee728b)
Start importing Assets/Prefabs/Enemies/Mace 256.prefab using Guid(fc699f5daa3eb6e42aa9d2e557cdcfab) Importer(815301076,1909f56bfc062723c751e8b465ee728b)  -> (artifact id: '0260ca822aabb024cc1fdcbe18918277') in 0.023190 seconds 
========================================================================
Received Import Request.
  Time since last request: 0.000025 seconds.
  path: Assets/Prefabs/Enemies/Saw 512 With Circle.prefab
  artifactKey: Guid(9f90dd7e0e9fd184ba4d80a2f633b47a) Importer(815301076,1909f56bfc062723c751e8b465ee728b)
Start importing Assets/Prefabs/Enemies/Saw 512 With Circle.prefab using Guid(9f90dd7e0e9fd184ba4d80a2f633b47a) Importer(815301076,1909f56bfc062723c751e8b465ee728b)  -> (artifact id: 'd539dbca82e0a80c8ccf038558010c3a') in 0.018427 seconds 
========================================================================
Received Import Request.
  Time since last request: 0.253997 seconds.
  path: Assets/Prefabs/Grounds/Column.prefab
  artifactKey: Guid(2563c8c0e8dbf9a4d96740b5f4104120) Importer(815301076,1909f56bfc062723c751e8b465ee728b)
Start importing Assets/Prefabs/Grounds/Column.prefab using Guid(2563c8c0e8dbf9a4d96740b5f4104120) Importer(815301076,1909f56bfc062723c751e8b465ee728b)  -> (artifact id: 'b1851774e5471b72822dcfdeb840a0c8') in 0.012646 seconds 
========================================================================
Received Import Request.
  Time since last request: 0.000022 seconds.
  path: Assets/Prefabs/Grounds/Dept Water.png
  artifactKey: Guid(38a14b71d8dbf144e9a69edae86f547f) Importer(815301076,1909f56bfc062723c751e8b465ee728b)
Start importing Assets/Prefabs/Grounds/Dept Water.png using Guid(38a14b71d8dbf144e9a69edae86f547f) Importer(815301076,1909f56bfc062723c751e8b465ee728b)  -> (artifact id: '5915d95e130310988b74654a6d81571a') in 0.041049 seconds 
========================================================================
Received Import Request.
  Time since last request: 0.000025 seconds.
  path: Assets/Prefabs/Grounds/Dirt.prefab
  artifactKey: Guid(01e17f63ae21f874db18071011429ce2) Importer(815301076,1909f56bfc062723c751e8b465ee728b)
Start importing Assets/Prefabs/Grounds/Dirt.prefab using Guid(01e17f63ae21f874db18071011429ce2) Importer(815301076,1909f56bfc062723c751e8b465ee728b)  -> (artifact id: '522b2ccb54f33db523043eded52a32e8') in 0.013713 seconds 
========================================================================
Received Import Request.
  Time since last request: 0.000030 seconds.
  path: Assets/Prefabs/Grounds/Environment_1.prefab
  artifactKey: Guid(eafc9e6bdf3d6ca48be4a786a98e3370) Importer(815301076,1909f56bfc062723c751e8b465ee728b)
Start importing Assets/Prefabs/Grounds/Environment_1.prefab using Guid(eafc9e6bdf3d6ca48be4a786a98e3370) Importer(815301076,1909f56bfc062723c751e8b465ee728b)  -> (artifact id: 'c22a32d5881bb1e6ce5407df0d2826c3') in 0.023296 seconds 
========================================================================
Received Import Request.
  Time since last request: 0.000021 seconds.
  path: Assets/Prefabs/Grounds/DirtRightCorner.prefab
  artifactKey: Guid(b1cf6e406775bff439370a7b902594bd) Importer(815301076,1909f56bfc062723c751e8b465ee728b)
Start importing Assets/Prefabs/Grounds/DirtRightCorner.prefab using Guid(b1cf6e406775bff439370a7b902594bd) Importer(815301076,1909f56bfc062723c751e8b465ee728b)  -> (artifact id: '478e1e9fbb9e8aea17ad4f2178b1b9e9') in 0.011106 seconds 
========================================================================
Received Import Request.
  Time since last request: 0.000026 seconds.
  path: Assets/Prefabs/Grounds/column_up.prefab
  artifactKey: Guid(fa11a5a19fa46bb49ab3107cfadbdc76) Importer(815301076,1909f56bfc062723c751e8b465ee728b)
Start importing Assets/Prefabs/Grounds/column_up.prefab using Guid(fa11a5a19fa46bb49ab3107cfadbdc76) Importer(815301076,1909f56bfc062723c751e8b465ee728b)  -> (artifact id: 'ec7d4911ce63bc2fab9bfce73acc7247') in 0.013430 seconds 
========================================================================
Received Import Request.
  Time since last request: 0.000026 seconds.
  path: Assets/Prefabs/Grounds/GrassJoinHillRight2.prefab
  artifactKey: Guid(f928f488710b48b4bba01343ae24e937) Importer(815301076,1909f56bfc062723c751e8b465ee728b)
Start importing Assets/Prefabs/Grounds/GrassJoinHillRight2.prefab using Guid(f928f488710b48b4bba01343ae24e937) Importer(815301076,1909f56bfc062723c751e8b465ee728b)  -> (artifact id: '24e0954d5cf888c2d78c02aa7558ed77') in 0.013618 seconds 
========================================================================
Received Import Request.
  Time since last request: 0.000026 seconds.
  path: Assets/Prefabs/Grounds/GrassHillRight2_Down Shadow.prefab
  artifactKey: Guid(2ebade4d2a80cf748a5927491dfab964) Importer(815301076,1909f56bfc062723c751e8b465ee728b)
Start importing Assets/Prefabs/Grounds/GrassHillRight2_Down Shadow.prefab using Guid(2ebade4d2a80cf748a5927491dfab964) Importer(815301076,1909f56bfc062723c751e8b465ee728b)  -> (artifact id: '1bb1b8991f270759770f523b565ddb86') in 0.015199 seconds 
========================================================================
Received Import Request.
  Time since last request: 0.000021 seconds.
  path: Assets/Prefabs/Grounds/GrassJoinHillRight.prefab
  artifactKey: Guid(9546efaf7f5004d4daea60fea5da9eb3) Importer(815301076,1909f56bfc062723c751e8b465ee728b)
Start importing Assets/Prefabs/Grounds/GrassJoinHillRight.prefab using Guid(9546efaf7f5004d4daea60fea5da9eb3) Importer(815301076,1909f56bfc062723c751e8b465ee728b)  -> (artifact id: '1a57306d621af3ec741ba6c6d8f7ee59') in 0.012797 seconds 
========================================================================
Received Import Request.
  Time since last request: 0.000023 seconds.
  path: Assets/Prefabs/Grounds/dirt hill right.prefab
  artifactKey: Guid(7196abd7db232364fa45f34e1ca486a6) Importer(815301076,1909f56bfc062723c751e8b465ee728b)
Start importing Assets/Prefabs/Grounds/dirt hill right.prefab using Guid(7196abd7db232364fa45f34e1ca486a6) Importer(815301076,1909f56bfc062723c751e8b465ee728b)  -> (artifact id: 'ce22aace3d0e76448d36ed3b2a8e0529') in 0.013852 seconds 
========================================================================
Received Import Request.
  Time since last request: 0.000023 seconds.
  path: Assets/Prefabs/Grounds/GrassHillLeft.prefab
  artifactKey: Guid(16ef88968b0e2b744aec30aa82cb8df5) Importer(815301076,1909f56bfc062723c751e8b465ee728b)
Start importing Assets/Prefabs/Grounds/GrassHillLeft.prefab using Guid(16ef88968b0e2b744aec30aa82cb8df5) Importer(815301076,1909f56bfc062723c751e8b465ee728b)  -> (artifact id: '90e9663df74f1bc0e122c856e065bae1') in 0.011498 seconds 
========================================================================
Received Import Request.
  Time since last request: 0.000028 seconds.
  path: Assets/Prefabs/Grounds/GrassJoinHillRight&Left.prefab
  artifactKey: Guid(5cf437cbc43459642b80b5cc4657d2ea) Importer(815301076,1909f56bfc062723c751e8b465ee728b)
Start importing Assets/Prefabs/Grounds/GrassJoinHillRight&Left.prefab using Guid(5cf437cbc43459642b80b5cc4657d2ea) Importer(815301076,1909f56bfc062723c751e8b465ee728b)  -> (artifact id: '6e82c12ed3a54871951d07a08fc57e69') in 0.013475 seconds 
========================================================================
Received Import Request.
  Time since last request: 0.000022 seconds.
  path: Assets/Prefabs/Grounds/DirtLeft.prefab
  artifactKey: Guid(20fa791d9aedb1b48904842b2af1a8b1) Importer(815301076,1909f56bfc062723c751e8b465ee728b)
Start importing Assets/Prefabs/Grounds/DirtLeft.prefab using Guid(20fa791d9aedb1b48904842b2af1a8b1) Importer(815301076,1909f56bfc062723c751e8b465ee728b)  -> (artifact id: 'c421452120cb78ee2f7fd6de548045ca') in 0.011761 seconds 
========================================================================
Received Import Request.
  Time since last request: 0.000027 seconds.
  path: Assets/Prefabs/Grounds/GrassRight.prefab
  artifactKey: Guid(bc97a1cd9d602454fba79da9d95a33d1) Importer(815301076,1909f56bfc062723c751e8b465ee728b)
Start importing Assets/Prefabs/Grounds/GrassRight.prefab using Guid(bc97a1cd9d602454fba79da9d95a33d1) Importer(815301076,1909f56bfc062723c751e8b465ee728b)  -> (artifact id: '3454b820db5eb2f44c883f072d5933f4') in 0.012861 seconds 
========================================================================
Received Import Request.
  Time since last request: 0.000026 seconds.
  path: Assets/Prefabs/Grounds/DirtDown.prefab
  artifactKey: Guid(9f62cc1cba9d88b45b1219682c5eaea5) Importer(815301076,1909f56bfc062723c751e8b465ee728b)
Start importing Assets/Prefabs/Grounds/DirtDown.prefab using Guid(9f62cc1cba9d88b45b1219682c5eaea5) Importer(815301076,1909f56bfc062723c751e8b465ee728b)  -> (artifact id: '8176f5206e2240e9de3be412217529f2') in 0.012656 seconds 
========================================================================
Received Import Request.
  Time since last request: 0.000032 seconds.
  path: Assets/Prefabs/Grounds/GrassHillLeft2.prefab
  artifactKey: Guid(e5b1aed27a64d8e488959b4f7a962b31) Importer(815301076,1909f56bfc062723c751e8b465ee728b)
Start importing Assets/Prefabs/Grounds/GrassHillLeft2.prefab using Guid(e5b1aed27a64d8e488959b4f7a962b31) Importer(815301076,1909f56bfc062723c751e8b465ee728b)  -> (artifact id: '9ea43dd76054c57bcf94e422762b2667') in 0.012976 seconds 
========================================================================
Received Import Request.
  Time since last request: 0.000026 seconds.
  path: Assets/Prefabs/Grounds/Environment_0.prefab
  artifactKey: Guid(a7cf2f50ade68114d927d90abe6ad08a) Importer(815301076,1909f56bfc062723c751e8b465ee728b)
Start importing Assets/Prefabs/Grounds/Environment_0.prefab using Guid(a7cf2f50ade68114d927d90abe6ad08a) Importer(815301076,1909f56bfc062723c751e8b465ee728b)  -> (artifact id: 'c9da6600d33a597366ef2b903acfbbd7') in 0.023801 seconds 
========================================================================
Received Import Request.
  Time since last request: 0.000024 seconds.
  path: Assets/Prefabs/Grounds/GrassCliffLeft.prefab
  artifactKey: Guid(b8d4c896ffebfdf40bc81985a66473c9) Importer(815301076,1909f56bfc062723c751e8b465ee728b)
Start importing Assets/Prefabs/Grounds/GrassCliffLeft.prefab using Guid(b8d4c896ffebfdf40bc81985a66473c9) Importer(815301076,1909f56bfc062723c751e8b465ee728b)  -> (artifact id: '17a9a59b0d14b0aad74e933e3585c123') in 0.011648 seconds 
========================================================================
Received Import Request.
  Time since last request: 0.295466 seconds.
  path: Assets/Prefabs/Particles/Mace Particle System.prefab
  artifactKey: Guid(e56244f53d190be4eb9b7212163e5fb7) Importer(815301076,1909f56bfc062723c751e8b465ee728b)
Start importing Assets/Prefabs/Particles/Mace Particle System.prefab using Guid(e56244f53d190be4eb9b7212163e5fb7) Importer(815301076,1909f56bfc062723c751e8b465ee728b)  -> (artifact id: '3896f3aec42c6e8b0e43b2f454068f8a') in 0.017330 seconds 
========================================================================
Received Import Request.
  Time since last request: 385.969283 seconds.
  path: Assets/Prefabs/Grounds/Dirt With Physics/Column 1.prefab
  artifactKey: Guid(30e3e523f9159d94b885bc12f48a9eaf) Importer(815301076,1909f56bfc062723c751e8b465ee728b)
Start importing Assets/Prefabs/Grounds/Dirt With Physics/Column 1.prefab using Guid(30e3e523f9159d94b885bc12f48a9eaf) Importer(815301076,1909f56bfc062723c751e8b465ee728b)  -> (artifact id: 'acdbd4baab5cb1db16ec689eabadc1a3') in 0.017164 seconds 
========================================================================
Received Import Request.
  Time since last request: 0.000023 seconds.
  path: Assets/Prefabs/Grounds/Dirt With Physics/DirtDown 1.prefab
  artifactKey: Guid(9de35836405692743a727e0faba29296) Importer(815301076,1909f56bfc062723c751e8b465ee728b)
Start importing Assets/Prefabs/Grounds/Dirt With Physics/DirtDown 1.prefab using Guid(9de35836405692743a727e0faba29296) Importer(815301076,1909f56bfc062723c751e8b465ee728b)  -> (artifact id: '399fbe497aef375239767c18f595d3c8') in 0.012124 seconds 
========================================================================
Received Import Request.
  Time since last request: 0.000018 seconds.
  path: Assets/Prefabs/Grounds/Dirt With Physics/column_up 1.prefab
  artifactKey: Guid(0afe268895dbf8a4eadb05b9ffa2f782) Importer(815301076,1909f56bfc062723c751e8b465ee728b)
Start importing Assets/Prefabs/Grounds/Dirt With Physics/column_up 1.prefab using Guid(0afe268895dbf8a4eadb05b9ffa2f782) Importer(815301076,1909f56bfc062723c751e8b465ee728b)  -> (artifact id: '7c4947c3f8c84eb71897e5f33bdd0dfa') in 0.012300 seconds 
========================================================================
Received Import Request.
  Time since last request: 0.000031 seconds.
  path: Assets/Prefabs/Grounds/Dirt With Physics/dirt hill right 1.prefab
  artifactKey: Guid(e032fbe872a12404eb377571620bc2cf) Importer(815301076,1909f56bfc062723c751e8b465ee728b)
Start importing Assets/Prefabs/Grounds/Dirt With Physics/dirt hill right 1.prefab using Guid(e032fbe872a12404eb377571620bc2cf) Importer(815301076,1909f56bfc062723c751e8b465ee728b)  -> (artifact id: '0ec56e84397cae0ed1d439f547fefa31') in 0.013480 seconds 
========================================================================
Received Import Request.
  Time since last request: 0.000027 seconds.
  path: Assets/Prefabs/Grounds/Dirt With Physics/dirt hill left 1.prefab
  artifactKey: Guid(4e6503f51d8872047bb0a67a8b05675e) Importer(815301076,1909f56bfc062723c751e8b465ee728b)
Start importing Assets/Prefabs/Grounds/Dirt With Physics/dirt hill left 1.prefab using Guid(4e6503f51d8872047bb0a67a8b05675e) Importer(815301076,1909f56bfc062723c751e8b465ee728b)  -> (artifact id: '9db9859f27bc1e47477ade92ebd17c91') in 0.012385 seconds 
========================================================================
Received Import Request.
  Time since last request: 0.000028 seconds.
  path: Assets/Prefabs/Grounds/Dirt With Physics/DirtRightCorner 1.prefab
  artifactKey: Guid(c9bee5244192afd4e82fe0782caf8c43) Importer(815301076,1909f56bfc062723c751e8b465ee728b)
Start importing Assets/Prefabs/Grounds/Dirt With Physics/DirtRightCorner 1.prefab using Guid(c9bee5244192afd4e82fe0782caf8c43) Importer(815301076,1909f56bfc062723c751e8b465ee728b)  -> (artifact id: '5b0991a5a2a12f1ec2c57589050d3c8e') in 0.012356 seconds 
========================================================================
Received Prepare
Registering precompiled user dll's ...
Registered in 0.007280 seconds.
Begin MonoManager ReloadAssembly
Native extension for WindowsStandalone target not found
Native extension for Android target not found
Native extension for WebGL target not found
Refreshing native plugins compatible for Editor in 0.90 ms, found 2 plugins.
Preloading 0 native plugins for Editor in 0.00 ms.
Mono: successfully reloaded assembly
- Completed reload, in  1.654 seconds
Domain Reload Profiling:
	ReloadAssembly (1655ms)
		BeginReloadAssembly (225ms)
			ExecutionOrderSort (0ms)
			DisableScriptedObjects (10ms)
			BackupInstance (0ms)
			ReleaseScriptingObjects (0ms)
			CreateAndSetChildDomain (56ms)
		EndReloadAssembly (1265ms)
			LoadAssemblies (155ms)
			RebuildTransferFunctionScriptingTraits (0ms)
			SetupTypeCache (317ms)
			ReleaseScriptCaches (1ms)
			RebuildScriptCaches (61ms)
			SetupLoadedEditorAssemblies (677ms)
				LogAssemblyErrors (0ms)
				InitializePlatformSupportModulesInManaged (44ms)
				SetLoadedEditorAssemblies (1ms)
				RefreshPlugins (1ms)
				BeforeProcessingInitializeOnLoad (113ms)
				ProcessInitializeOnLoadAttributes (292ms)
				ProcessInitializeOnLoadMethodAttributes (207ms)
				AfterProcessingInitializeOnLoad (19ms)
				EditorAssembliesLoaded (0ms)
			ExecutionOrderSort2 (0ms)
			AwakeInstancesAfterBackupRestoration (12ms)
Platform modules already initialized, skipping
Refreshing native plugins compatible for Editor in 9.62 ms, found 2 plugins.
Preloading 0 native plugins for Editor in 0.00 ms.
Unloading 2364 Unused Serialized files (Serialized files now loaded: 0)
Unloading 58 unused Assets / (170.9 KB). Loaded Objects now: 2846.
Memory consumption went from 100.5 MB to 100.3 MB.
Total: 7.321100 ms (FindLiveObjects: 0.246200 ms CreateObjectMapping: 0.079600 ms MarkObjects: 6.887900 ms  DeleteObjects: 0.104900 ms)

AssetImportParameters requested are different than current active one (requested -> active):
  custom:video-decoder-ogg-theora: a1e56fd34408186e4bbccfd4996cb3dc -> 
  custom:container-muxer-webm: aa71ff27fc2769a1b78a27578f13a17b -> 
  custom:container-demuxer-webm: 4f35f7cbe854078d1ac9338744f61a02 -> 
  custom:video-encoder-webm-vp8: eb34c28f22e8b96e1ab97ce403110664 -> 
  custom:audio-encoder-webm-vorbis: bf7c407c2cedff20999df2af8eb42d56 -> 
  custom:framework-win-MediaFoundation: 216162199b28c13a410421893ffa2e32 -> 
  custom:container-demuxer-ogg: 62fdf1f143b41e24485cea50d1cbac27 -> 
  custom:video-decoder-webm-vp8: 9c59270c3fd7afecdb556c50c9e8de78 -> 
  custom:audio-decoder-ogg-vorbis: bf7c407c2cedff20999df2af8eb42d56 -> 
