Using pre-set license
Built from '2021.3/staging' branch; Version is '2021.3.0f1 (6eacc8284459) revision 7253192'; Using compiler version '192829333'; Build Type 'Release'
OS: 'Windows 10  (10.0.19045) 64bit Professional' Language: 'en' Physical Memory: 8073 MB
BatchMode: 1, IsHumanControllingUs: 0, StartBugReporterOnCrash: 0, Is64bit: 1, IsPro: 1

COMMAND LINE ARGUMENTS:
C:\Users\vanhu\Desktop\unity3d\2021.3.0f1\Editor\Unity.exe
-adb2
-batchMode
-noUpm
-name
AssetImportWorker0
-projectPath
C:/Users/vanhu/Desktop/Projects/game-mobile
-logFile
Logs/AssetImportWorker0.log
-srvPort
54929
Successfully changed project path to: C:/Users/vanhu/Desktop/Projects/game-mobile
C:/Users/vanhu/Desktop/Projects/game-mobile
[UnityMemory] Configuration Parameters - Can be set up in boot.config
    "memorysetup-bucket-allocator-granularity=16"
    "memorysetup-bucket-allocator-bucket-count=8"
    "memorysetup-bucket-allocator-block-size=33554432"
    "memorysetup-bucket-allocator-block-count=8"
    "memorysetup-main-allocator-block-size=16777216"
    "memorysetup-thread-allocator-block-size=16777216"
    "memorysetup-gfx-main-allocator-block-size=16777216"
    "memorysetup-gfx-thread-allocator-block-size=16777216"
    "memorysetup-cache-allocator-block-size=4194304"
    "memorysetup-typetree-allocator-block-size=2097152"
    "memorysetup-profiler-bucket-allocator-granularity=16"
    "memorysetup-profiler-bucket-allocator-bucket-count=8"
    "memorysetup-profiler-bucket-allocator-block-size=33554432"
    "memorysetup-profiler-bucket-allocator-block-count=8"
    "memorysetup-profiler-allocator-block-size=16777216"
    "memorysetup-profiler-editor-allocator-block-size=1048576"
    "memorysetup-temp-allocator-size-main=16777216"
    "memorysetup-job-temp-allocator-block-size=2097152"
    "memorysetup-job-temp-allocator-block-size-background=1048576"
    "memorysetup-job-temp-allocator-reduction-small-platforms=262144"
    "memorysetup-temp-allocator-size-background-worker=32768"
    "memorysetup-temp-allocator-size-job-worker=262144"
    "memorysetup-temp-allocator-size-preload-manager=33554432"
    "memorysetup-temp-allocator-size-nav-mesh-worker=65536"
    "memorysetup-temp-allocator-size-audio-worker=65536"
    "memorysetup-temp-allocator-size-cloud-worker=32768"
    "memorysetup-temp-allocator-size-gi-baking-worker=262144"
    "memorysetup-temp-allocator-size-gfx=262144"
Refreshing native plugins compatible for Editor in 79.57 ms, found 2 plugins.
Preloading 0 native plugins for Editor in 0.00 ms.
Initialize engine version: 2021.3.0f1 (6eacc8284459)
[Subsystems] Discovering subsystems at path C:/Users/vanhu/Desktop/unity3d/2021.3.0f1/Editor/Data/Resources/UnitySubsystems
[Subsystems] Discovering subsystems at path C:/Users/vanhu/Desktop/Projects/game-mobile/Assets
GfxDevice: creating device client; threaded=0; jobified=0
Direct3D:
    Version:  Direct3D 11.0 [level 11.0]
    Renderer: NVIDIA Quadro K1100M (ID=0xff6)
    Vendor:   NVIDIA
    VRAM:     2018 MB
    Driver:   22.21.13.8573
Initialize mono
Mono path[0] = 'C:/Users/vanhu/Desktop/unity3d/2021.3.0f1/Editor/Data/Managed'
Mono path[1] = 'C:/Users/vanhu/Desktop/unity3d/2021.3.0f1/Editor/Data/MonoBleedingEdge/lib/mono/unityjit-win32'
Mono config path = 'C:/Users/vanhu/Desktop/unity3d/2021.3.0f1/Editor/Data/MonoBleedingEdge/etc'
Using monoOptions --debugger-agent=transport=dt_socket,embedding=1,server=y,suspend=n,address=127.0.0.1:56656
Begin MonoManager ReloadAssembly
Registering precompiled unity dll's ...
Register platform support module: C:/Users/vanhu/Desktop/unity3d/2021.3.0f1/Editor/Data/PlaybackEngines/WebGLSupport/UnityEditor.WebGL.Extensions.dll
Register platform support module: C:/Users/vanhu/Desktop/unity3d/2021.3.0f1/Editor/Data/PlaybackEngines/AndroidPlayer/UnityEditor.Android.Extensions.dll
Register platform support module: C:/Users/vanhu/Desktop/unity3d/2021.3.0f1/Editor/Data/PlaybackEngines/WindowsStandaloneSupport/UnityEditor.WindowsStandalone.Extensions.dll
Registered in 0.021636 seconds.
Native extension for WindowsStandalone target not found
Native extension for Android target not found
Native extension for WebGL target not found
Refreshing native plugins compatible for Editor in 106.22 ms, found 2 plugins.
Preloading 0 native plugins for Editor in 0.00 ms.
Mono: successfully reloaded assembly
- Completed reload, in  1.043 seconds
Domain Reload Profiling:
	ReloadAssembly (1045ms)
		BeginReloadAssembly (131ms)
			ExecutionOrderSort (0ms)
			DisableScriptedObjects (0ms)
			BackupInstance (0ms)
			ReleaseScriptingObjects (0ms)
			CreateAndSetChildDomain (1ms)
		EndReloadAssembly (721ms)
			LoadAssemblies (127ms)
			RebuildTransferFunctionScriptingTraits (0ms)
			SetupTypeCache (174ms)
			ReleaseScriptCaches (0ms)
			RebuildScriptCaches (36ms)
			SetupLoadedEditorAssemblies (429ms)
				LogAssemblyErrors (0ms)
				InitializePlatformSupportModulesInManaged (80ms)
				SetLoadedEditorAssemblies (0ms)
				RefreshPlugins (106ms)
				BeforeProcessingInitializeOnLoad (2ms)
				ProcessInitializeOnLoadAttributes (145ms)
				ProcessInitializeOnLoadMethodAttributes (96ms)
				AfterProcessingInitializeOnLoad (0ms)
				EditorAssembliesLoaded (0ms)
			ExecutionOrderSort2 (0ms)
			AwakeInstancesAfterBackupRestoration (0ms)
Platform modules already initialized, skipping
Registering precompiled user dll's ...
Registered in 0.015151 seconds.
Begin MonoManager ReloadAssembly
Native extension for WindowsStandalone target not found
Native extension for Android target not found
Native extension for WebGL target not found
Refreshing native plugins compatible for Editor in 0.95 ms, found 2 plugins.
Preloading 0 native plugins for Editor in 0.00 ms.
Package Manager log level set to [2]
Mono: successfully reloaded assembly
- Completed reload, in  2.216 seconds
Domain Reload Profiling:
	ReloadAssembly (2218ms)
		BeginReloadAssembly (331ms)
			ExecutionOrderSort (0ms)
			DisableScriptedObjects (20ms)
			BackupInstance (0ms)
			ReleaseScriptingObjects (0ms)
			CreateAndSetChildDomain (153ms)
		EndReloadAssembly (1703ms)
			LoadAssemblies (140ms)
			RebuildTransferFunctionScriptingTraits (0ms)
			SetupTypeCache (306ms)
			ReleaseScriptCaches (1ms)
			RebuildScriptCaches (63ms)
			SetupLoadedEditorAssemblies (1095ms)
				LogAssemblyErrors (0ms)
				InitializePlatformSupportModulesInManaged (34ms)
				SetLoadedEditorAssemblies (1ms)
				RefreshPlugins (1ms)
				BeforeProcessingInitializeOnLoad (171ms)
				ProcessInitializeOnLoadAttributes (325ms)
				ProcessInitializeOnLoadMethodAttributes (540ms)
				AfterProcessingInitializeOnLoad (23ms)
				EditorAssembliesLoaded (0ms)
			ExecutionOrderSort2 (0ms)
			AwakeInstancesAfterBackupRestoration (12ms)
Platform modules already initialized, skipping
========================================================================
Worker process is ready to serve import requests
Launched and connected shader compiler UnityShaderCompiler.exe after 0.07 seconds
Refreshing native plugins compatible for Editor in 0.85 ms, found 2 plugins.
Preloading 0 native plugins for Editor in 0.00 ms.
Unloading 2400 Unused Serialized files (Serialized files now loaded: 0)
Unloading 68 unused Assets / (204.2 KB). Loaded Objects now: 2831.
Memory consumption went from 98.5 MB to 98.3 MB.
Total: 7.791800 ms (FindLiveObjects: 0.343600 ms CreateObjectMapping: 0.339500 ms MarkObjects: 6.934100 ms  DeleteObjects: 0.173100 ms)

AssetImportParameters requested are different than current active one (requested -> active):
  custom:video-decoder-ogg-theora: a1e56fd34408186e4bbccfd4996cb3dc -> 
  custom:container-muxer-webm: aa71ff27fc2769a1b78a27578f13a17b -> 
  custom:container-demuxer-webm: 4f35f7cbe854078d1ac9338744f61a02 -> 
  custom:video-encoder-webm-vp8: eb34c28f22e8b96e1ab97ce403110664 -> 
  custom:audio-encoder-webm-vorbis: bf7c407c2cedff20999df2af8eb42d56 -> 
  custom:framework-win-MediaFoundation: 216162199b28c13a410421893ffa2e32 -> 
  custom:container-demuxer-ogg: 62fdf1f143b41e24485cea50d1cbac27 -> 
  custom:video-decoder-webm-vp8: 9c59270c3fd7afecdb556c50c9e8de78 -> 
  custom:audio-decoder-ogg-vorbis: bf7c407c2cedff20999df2af8eb42d56 -> 
========================================================================
Received Import Request.
  Time since last request: 6561.735358 seconds.
  path: Assets/Scenes/Play.unity
  artifactKey: Guid(400031d4e7e28ce4d9a7ef5b2ef74936) Importer(815301076,1909f56bfc062723c751e8b465ee728b)
Start importing Assets/Scenes/Play.unity using Guid(400031d4e7e28ce4d9a7ef5b2ef74936) Importer(815301076,1909f56bfc062723c751e8b465ee728b)  -> (artifact id: '339041193866db9a4923dcd647650de3') in 0.009403 seconds 
========================================================================
Received Import Request.
  Time since last request: 94.726073 seconds.
  path: Assets/Prefabs/Audio Manager.prefab
  artifactKey: Guid(b888fc0c91668e746ba7718cde7de5b5) Importer(815301076,1909f56bfc062723c751e8b465ee728b)
Start importing Assets/Prefabs/Audio Manager.prefab using Guid(b888fc0c91668e746ba7718cde7de5b5) Importer(815301076,1909f56bfc062723c751e8b465ee728b)  -> (artifact id: 'f4986c6ce1b0df08638721bf3f659cd1') in 0.073657 seconds 
========================================================================
Received Import Request.
  Time since last request: 1.681530 seconds.
  path: Assets/Prefabs/Background Blocks
  artifactKey: Guid(8df1ec3c5ed62da419d1d39dd3010a27) Importer(815301076,1909f56bfc062723c751e8b465ee728b)
Start importing Assets/Prefabs/Background Blocks using Guid(8df1ec3c5ed62da419d1d39dd3010a27) Importer(815301076,1909f56bfc062723c751e8b465ee728b)  -> (artifact id: '27c16e6dbfac7838566a44c0f0470e30') in 0.003562 seconds 
========================================================================
Received Import Request.
  Time since last request: 0.045426 seconds.
  path: Assets/Prefabs/Background Blocks/Block_1.prefab
  artifactKey: Guid(54a98931b8a1ab84bb12f7c08f7807f6) Importer(815301076,1909f56bfc062723c751e8b465ee728b)
Start importing Assets/Prefabs/Background Blocks/Block_1.prefab using Guid(54a98931b8a1ab84bb12f7c08f7807f6) Importer(815301076,1909f56bfc062723c751e8b465ee728b)  -> (artifact id: '48b7c14c1b7bb4b62eabed86aec40bd6') in 0.161181 seconds 
========================================================================
Received Import Request.
  Time since last request: 0.000038 seconds.
  path: Assets/Prefabs/Background Blocks/Block_Near_2.prefab
  artifactKey: Guid(6a02a60226bbd404797c13effe8497e7) Importer(815301076,1909f56bfc062723c751e8b465ee728b)
Start importing Assets/Prefabs/Background Blocks/Block_Near_2.prefab using Guid(6a02a60226bbd404797c13effe8497e7) Importer(815301076,1909f56bfc062723c751e8b465ee728b)  -> (artifact id: '617064241c1aee1e657988496464ab6b') in 0.025307 seconds 
========================================================================
Received Import Request.
  Time since last request: 0.000030 seconds.
  path: Assets/Prefabs/Background Blocks/Block_Far_1.prefab
  artifactKey: Guid(8c630272beabb42408e2a5270301f03c) Importer(815301076,1909f56bfc062723c751e8b465ee728b)
Start importing Assets/Prefabs/Background Blocks/Block_Far_1.prefab using Guid(8c630272beabb42408e2a5270301f03c) Importer(815301076,1909f56bfc062723c751e8b465ee728b)  -> (artifact id: '5c8a8d3c60ea8c5e3ddea5e82b9b8fe8') in 0.054296 seconds 
========================================================================
Received Import Request.
  Time since last request: 3.688441 seconds.
  path: Assets/Prefabs/Blocks/Middle.prefab
  artifactKey: Guid(c07f66edcdd541d40b0e601dcce20742) Importer(815301076,1909f56bfc062723c751e8b465ee728b)
Start importing Assets/Prefabs/Blocks/Middle.prefab using Guid(c07f66edcdd541d40b0e601dcce20742) Importer(815301076,1909f56bfc062723c751e8b465ee728b)  -> (artifact id: '5b85ea536249aa530dce6d0c09face64') in 0.053700 seconds 
========================================================================
Received Import Request.
  Time since last request: 0.000023 seconds.
  path: Assets/Prefabs/Blocks/Middle_8.prefab
  artifactKey: Guid(abc78284c3cce8d45be7b2d19bad3105) Importer(815301076,1909f56bfc062723c751e8b465ee728b)
Start importing Assets/Prefabs/Blocks/Middle_8.prefab using Guid(abc78284c3cce8d45be7b2d19bad3105) Importer(815301076,1909f56bfc062723c751e8b465ee728b)  -> (artifact id: 'c349c05b72f2653ba5798de704ca1f5c') in 0.122027 seconds 
========================================================================
Received Import Request.
  Time since last request: 0.000030 seconds.
  path: Assets/Prefabs/Blocks/Middle_4.prefab
  artifactKey: Guid(d89492603b5ef0b44968fe7cbb6529be) Importer(815301076,1909f56bfc062723c751e8b465ee728b)
Start importing Assets/Prefabs/Blocks/Middle_4.prefab using Guid(d89492603b5ef0b44968fe7cbb6529be) Importer(815301076,1909f56bfc062723c751e8b465ee728b)  -> (artifact id: '02f6287ff43149ca373ceccbffe9df2d') in 0.080042 seconds 
========================================================================
Received Import Request.
  Time since last request: 0.000041 seconds.
  path: Assets/Prefabs/Blocks/Middle_7.prefab
  artifactKey: Guid(ae3df9c829e154046a799ed392b65a5a) Importer(815301076,1909f56bfc062723c751e8b465ee728b)
Start importing Assets/Prefabs/Blocks/Middle_7.prefab using Guid(ae3df9c829e154046a799ed392b65a5a) Importer(815301076,1909f56bfc062723c751e8b465ee728b)  -> (artifact id: 'ae40e80df03603a965861e3a5393266c') in 0.056152 seconds 
========================================================================
Received Import Request.
  Time since last request: 0.000022 seconds.
  path: Assets/Prefabs/Blocks/Middle_11.prefab
  artifactKey: Guid(976413338dc4e794a87aa9910ce3a4e5) Importer(815301076,1909f56bfc062723c751e8b465ee728b)
Start importing Assets/Prefabs/Blocks/Middle_11.prefab using Guid(976413338dc4e794a87aa9910ce3a4e5) Importer(815301076,1909f56bfc062723c751e8b465ee728b) Tried select unknown importer for id '-2' '00000000000000000000000000000000'
 -> (artifact id: 'd8b218582bf730f413616b9683e1e804') in 0.119831 seconds 
========================================================================
Received Import Request.
  Time since last request: 0.000025 seconds.
  path: Assets/Prefabs/Blocks/Middle_10.prefab
  artifactKey: Guid(fe7e388630682094a9a1cd39c9169ff9) Importer(815301076,1909f56bfc062723c751e8b465ee728b)
Start importing Assets/Prefabs/Blocks/Middle_10.prefab using Guid(fe7e388630682094a9a1cd39c9169ff9) Importer(815301076,1909f56bfc062723c751e8b465ee728b) Tried select unknown importer for id '-2' '00000000000000000000000000000000'
 -> (artifact id: 'f35512b0d51f856dcde63eb57af038a0') in 0.075386 seconds 
========================================================================
Received Import Request.
  Time since last request: 0.000035 seconds.
  path: Assets/Prefabs/Blocks/Middle_3.prefab
  artifactKey: Guid(2313e32de9b2f0c4fbf0d5d7fa7478b6) Importer(815301076,1909f56bfc062723c751e8b465ee728b)
Start importing Assets/Prefabs/Blocks/Middle_3.prefab using Guid(2313e32de9b2f0c4fbf0d5d7fa7478b6) Importer(815301076,1909f56bfc062723c751e8b465ee728b)  -> (artifact id: 'abb8c1672b839734cc85f79f94dcf30b') in 0.041774 seconds 
========================================================================
Received Import Request.
  Time since last request: 0.000028 seconds.
  path: Assets/Prefabs/Blocks/Middle_9.prefab
  artifactKey: Guid(670fa9c695aab9c40a089656eaac35bf) Importer(815301076,1909f56bfc062723c751e8b465ee728b)
Start importing Assets/Prefabs/Blocks/Middle_9.prefab using Guid(670fa9c695aab9c40a089656eaac35bf) Importer(815301076,1909f56bfc062723c751e8b465ee728b)  -> (artifact id: 'e4ed7e9b32974f1f4fb693c6791f37b9') in 0.090453 seconds 
========================================================================
Received Import Request.
  Time since last request: 0.768683 seconds.
  path: Assets/Prefabs/Collectables/Chest Big Blue.prefab
  artifactKey: Guid(d23995e1716dae54b8a8e89890fec39a) Importer(815301076,1909f56bfc062723c751e8b465ee728b)
Start importing Assets/Prefabs/Collectables/Chest Big Blue.prefab using Guid(d23995e1716dae54b8a8e89890fec39a) Importer(815301076,1909f56bfc062723c751e8b465ee728b)  -> (artifact id: 'd12aedb320d524e6151b021c7ddb3545') in 0.049262 seconds 
========================================================================
Received Import Request.
  Time since last request: 0.000087 seconds.
  path: Assets/Prefabs/Collectables/Coin.prefab
  artifactKey: Guid(c0ab519a590a4dd40bcc441bc556f454) Importer(815301076,1909f56bfc062723c751e8b465ee728b)
Start importing Assets/Prefabs/Collectables/Coin.prefab using Guid(c0ab519a590a4dd40bcc441bc556f454) Importer(815301076,1909f56bfc062723c751e8b465ee728b)  -> (artifact id: '78916ffb218ee60764cdbe75c6551ca4') in 0.025110 seconds 
========================================================================
Received Import Request.
  Time since last request: 0.672165 seconds.
  path: Assets/Prefabs/Enemies/Circle 256.png
  artifactKey: Guid(bcfe9e397867c2148837b0ab9feac56f) Importer(815301076,1909f56bfc062723c751e8b465ee728b)
Start importing Assets/Prefabs/Enemies/Circle 256.png using Guid(bcfe9e397867c2148837b0ab9feac56f) Importer(815301076,1909f56bfc062723c751e8b465ee728b)  -> (artifact id: '5c1c6125103a920fb20373242934f990') in 0.056038 seconds 
========================================================================
Received Import Request.
  Time since last request: 0.000025 seconds.
  path: Assets/Prefabs/Enemies/Saw Semicircular Right.prefab
  artifactKey: Guid(ae1312c96702e7e479f9206ca81f0a44) Importer(815301076,1909f56bfc062723c751e8b465ee728b)
Start importing Assets/Prefabs/Enemies/Saw Semicircular Right.prefab using Guid(ae1312c96702e7e479f9206ca81f0a44) Importer(815301076,1909f56bfc062723c751e8b465ee728b)  -> (artifact id: '8adc62910e905a6cc6c8148628bb36bb') in 0.013233 seconds 
========================================================================
Received Import Request.
  Time since last request: 0.000032 seconds.
  path: Assets/Prefabs/Enemies/Mace.prefab
  artifactKey: Guid(3f1f47ccc48f45b4fb20f285acc0a8ba) Importer(815301076,1909f56bfc062723c751e8b465ee728b)
Start importing Assets/Prefabs/Enemies/Mace.prefab using Guid(3f1f47ccc48f45b4fb20f285acc0a8ba) Importer(815301076,1909f56bfc062723c751e8b465ee728b)  -> (artifact id: 'cdec98d4e1f18b79ca1ba1e5a46bd4a4') in 0.028048 seconds 
========================================================================
Received Import Request.
  Time since last request: 0.000025 seconds.
  path: Assets/Prefabs/Enemies/Line 256.png
  artifactKey: Guid(a8853aedf5ea2624daab3817ae96f1d9) Importer(815301076,1909f56bfc062723c751e8b465ee728b)
Start importing Assets/Prefabs/Enemies/Line 256.png using Guid(a8853aedf5ea2624daab3817ae96f1d9) Importer(815301076,1909f56bfc062723c751e8b465ee728b)  -> (artifact id: '0c4c36692643070309caea1b0a94e93a') in 0.015920 seconds 
========================================================================
Received Import Request.
  Time since last request: 0.000023 seconds.
  path: Assets/Prefabs/Enemies/line 1.png
  artifactKey: Guid(0305bb873b7c7bf41bb205aa02f336dd) Importer(815301076,1909f56bfc062723c751e8b465ee728b)
Start importing Assets/Prefabs/Enemies/line 1.png using Guid(0305bb873b7c7bf41bb205aa02f336dd) Importer(815301076,1909f56bfc062723c751e8b465ee728b)  -> (artifact id: 'de95635351443a4531c736acb4ab759e') in 0.016282 seconds 
========================================================================
Received Import Request.
  Time since last request: 0.000025 seconds.
  path: Assets/Prefabs/Enemies/Saw.prefab
  artifactKey: Guid(8e280c9dc553ce44ebac3181565c1c34) Importer(815301076,1909f56bfc062723c751e8b465ee728b)
Start importing Assets/Prefabs/Enemies/Saw.prefab using Guid(8e280c9dc553ce44ebac3181565c1c34) Importer(815301076,1909f56bfc062723c751e8b465ee728b)  -> (artifact id: '13f92a99e9234158d3364c98585a0efb') in 0.017885 seconds 
========================================================================
Received Import Request.
  Time since last request: 0.000023 seconds.
  path: Assets/Prefabs/Enemies/Spike Up.prefab
  artifactKey: Guid(5d26278041efd1c4f9105ffe61367c59) Importer(815301076,1909f56bfc062723c751e8b465ee728b)
Start importing Assets/Prefabs/Enemies/Spike Up.prefab using Guid(5d26278041efd1c4f9105ffe61367c59) Importer(815301076,1909f56bfc062723c751e8b465ee728b)  -> (artifact id: '38eacd1bbe3276af86208292bdd00603') in 0.012830 seconds 
========================================================================
Received Import Request.
  Time since last request: 0.000023 seconds.
  path: Assets/Prefabs/Enemies/Saw with circle.prefab
  artifactKey: Guid(30b83a0ed058bc14ead7a8080a451342) Importer(815301076,1909f56bfc062723c751e8b465ee728b)
Start importing Assets/Prefabs/Enemies/Saw with circle.prefab using Guid(30b83a0ed058bc14ead7a8080a451342) Importer(815301076,1909f56bfc062723c751e8b465ee728b)  -> (artifact id: '833736c0185361386b8467897f53edbe') in 0.015496 seconds 
========================================================================
Received Import Request.
  Time since last request: 0.252150 seconds.
  path: Assets/Prefabs/Grounds/Cave Dirt.prefab
  artifactKey: Guid(a0a2c90586985fa42b4f78573e0609c3) Importer(815301076,1909f56bfc062723c751e8b465ee728b)
Start importing Assets/Prefabs/Grounds/Cave Dirt.prefab using Guid(a0a2c90586985fa42b4f78573e0609c3) Importer(815301076,1909f56bfc062723c751e8b465ee728b)  -> (artifact id: 'a829b146ee7f13750607977658530fbf') in 0.013231 seconds 
========================================================================
Received Import Request.
  Time since last request: 0.000023 seconds.
  path: Assets/Prefabs/Grounds/column_down.prefab
  artifactKey: Guid(2b707120b90f3f543bc2c295acac5a33) Importer(815301076,1909f56bfc062723c751e8b465ee728b)
Start importing Assets/Prefabs/Grounds/column_down.prefab using Guid(2b707120b90f3f543bc2c295acac5a33) Importer(815301076,1909f56bfc062723c751e8b465ee728b)  -> (artifact id: 'e0aca9a1f6e89e40932f850dafed3de2') in 0.013399 seconds 
========================================================================
Received Import Request.
  Time since last request: 0.000025 seconds.
  path: Assets/Prefabs/Grounds/GrassHillRight.prefab
  artifactKey: Guid(166f685972014b342ae1db7d3b89ac3f) Importer(815301076,1909f56bfc062723c751e8b465ee728b)
Start importing Assets/Prefabs/Grounds/GrassHillRight.prefab using Guid(166f685972014b342ae1db7d3b89ac3f) Importer(815301076,1909f56bfc062723c751e8b465ee728b)  -> (artifact id: '3809c28fe81e0e0baa89acc7221c7293') in 0.013533 seconds 
========================================================================
Received Import Request.
  Time since last request: 0.000030 seconds.
  path: Assets/Prefabs/Grounds/GrassJoinHillLeft2.prefab
  artifactKey: Guid(5c0f1a98e4dcd3e4da9bc592891d6b86) Importer(815301076,1909f56bfc062723c751e8b465ee728b)
Start importing Assets/Prefabs/Grounds/GrassJoinHillLeft2.prefab using Guid(5c0f1a98e4dcd3e4da9bc592891d6b86) Importer(815301076,1909f56bfc062723c751e8b465ee728b)  -> (artifact id: '9d2bb637d8e8a83230a4f0b4748c4be3') in 0.011207 seconds 
========================================================================
Received Import Request.
  Time since last request: 0.000033 seconds.
  path: Assets/Prefabs/Grounds/DirtLeftCorner.prefab
  artifactKey: Guid(5ac824922a43dac499991f9a050eea7c) Importer(815301076,1909f56bfc062723c751e8b465ee728b)
Start importing Assets/Prefabs/Grounds/DirtLeftCorner.prefab using Guid(5ac824922a43dac499991f9a050eea7c) Importer(815301076,1909f56bfc062723c751e8b465ee728b)  -> (artifact id: '9bfc124f9cde5402daa1de807ec44c41') in 0.010981 seconds 
========================================================================
Received Import Request.
  Time since last request: 0.000024 seconds.
  path: Assets/Prefabs/Grounds/GrassHillLeft2_Down Shadow.prefab
  artifactKey: Guid(a938db973218fd04d870316f7b4304ec) Importer(815301076,1909f56bfc062723c751e8b465ee728b)
Start importing Assets/Prefabs/Grounds/GrassHillLeft2_Down Shadow.prefab using Guid(a938db973218fd04d870316f7b4304ec) Importer(815301076,1909f56bfc062723c751e8b465ee728b)  -> (artifact id: '00940fabbb4b8e78eb55c1edec611150') in 0.011806 seconds 
========================================================================
Received Import Request.
  Time since last request: 0.000028 seconds.
  path: Assets/Prefabs/Grounds/dirt hill left.prefab
  artifactKey: Guid(e0919a0e85da9d946b01c4932a1f0c41) Importer(815301076,1909f56bfc062723c751e8b465ee728b)
Start importing Assets/Prefabs/Grounds/dirt hill left.prefab using Guid(e0919a0e85da9d946b01c4932a1f0c41) Importer(815301076,1909f56bfc062723c751e8b465ee728b)  -> (artifact id: '4208ef8b40c4345a2a15b1a4ec738a55') in 0.012431 seconds 
========================================================================
Received Import Request.
  Time since last request: 0.000025 seconds.
  path: Assets/Prefabs/Grounds/GrassLeft.prefab
  artifactKey: Guid(16ab48cffd15e3246bffb3eb1e8737d7) Importer(815301076,1909f56bfc062723c751e8b465ee728b)
Start importing Assets/Prefabs/Grounds/GrassLeft.prefab using Guid(16ab48cffd15e3246bffb3eb1e8737d7) Importer(815301076,1909f56bfc062723c751e8b465ee728b)  -> (artifact id: '5e67a95107ae9aaf21b141d28fbaa927') in 0.013195 seconds 
========================================================================
Received Import Request.
  Time since last request: 0.000020 seconds.
  path: Assets/Prefabs/Grounds/DirtRight.prefab
  artifactKey: Guid(434b3318787d78c40a80a0d957476cc3) Importer(815301076,1909f56bfc062723c751e8b465ee728b)
Start importing Assets/Prefabs/Grounds/DirtRight.prefab using Guid(434b3318787d78c40a80a0d957476cc3) Importer(815301076,1909f56bfc062723c751e8b465ee728b)  -> (artifact id: '51b2db72e35e13d099cc8ebae9e2702c') in 0.012476 seconds 
========================================================================
Received Import Request.
  Time since last request: 0.000048 seconds.
  path: Assets/Prefabs/Grounds/GrassJoinHillRight2_Down shadow.prefab
  artifactKey: Guid(1eb271db2ae5c3a4ba0a0d69ddb95fe0) Importer(815301076,1909f56bfc062723c751e8b465ee728b)
Start importing Assets/Prefabs/Grounds/GrassJoinHillRight2_Down shadow.prefab using Guid(1eb271db2ae5c3a4ba0a0d69ddb95fe0) Importer(815301076,1909f56bfc062723c751e8b465ee728b)  -> (artifact id: '5c232c1035ae3c5ed051bfd75997f357') in 0.014102 seconds 
========================================================================
Received Import Request.
  Time since last request: 0.000021 seconds.
  path: Assets/Prefabs/Grounds/GrassJoinHillRight&Left2.prefab
  artifactKey: Guid(64168d2f741211448ab1897d99daeb07) Importer(815301076,1909f56bfc062723c751e8b465ee728b)
Start importing Assets/Prefabs/Grounds/GrassJoinHillRight&Left2.prefab using Guid(64168d2f741211448ab1897d99daeb07) Importer(815301076,1909f56bfc062723c751e8b465ee728b)  -> (artifact id: 'b600ea4633a442eee2e31a220e7bba21') in 0.017424 seconds 
========================================================================
Received Import Request.
  Time since last request: 0.000032 seconds.
  path: Assets/Prefabs/Grounds/GrassJoinHillRight&Left2_Down Shadow.prefab
  artifactKey: Guid(3b1809279f7e0824ab28394ebac54fe5) Importer(815301076,1909f56bfc062723c751e8b465ee728b)
Start importing Assets/Prefabs/Grounds/GrassJoinHillRight&Left2_Down Shadow.prefab using Guid(3b1809279f7e0824ab28394ebac54fe5) Importer(815301076,1909f56bfc062723c751e8b465ee728b)  -> (artifact id: '6c90fd024389e4d9a3464f674a5e96a2') in 0.013663 seconds 
========================================================================
Received Import Request.
  Time since last request: 0.000021 seconds.
  path: Assets/Prefabs/Grounds/GrassSample_2.prefab
  artifactKey: Guid(ed43159409f6da947bf89d5ce6a40598) Importer(815301076,1909f56bfc062723c751e8b465ee728b)
Start importing Assets/Prefabs/Grounds/GrassSample_2.prefab using Guid(ed43159409f6da947bf89d5ce6a40598) Importer(815301076,1909f56bfc062723c751e8b465ee728b)  -> (artifact id: '5c050bbaafbd7143b1f9157cc481aa88') in 0.007345 seconds 
========================================================================
Received Import Request.
  Time since last request: 0.000021 seconds.
  path: Assets/Prefabs/Grounds/GrassJoinHillLeft2_Down Shadow.prefab
  artifactKey: Guid(71840646b62af0f4caef4be1a24b7106) Importer(815301076,1909f56bfc062723c751e8b465ee728b)
Start importing Assets/Prefabs/Grounds/GrassJoinHillLeft2_Down Shadow.prefab using Guid(71840646b62af0f4caef4be1a24b7106) Importer(815301076,1909f56bfc062723c751e8b465ee728b)  -> (artifact id: 'db18119b10512aaee660542250fdbe1a') in 0.016883 seconds 
========================================================================
Received Import Request.
  Time since last request: 0.000023 seconds.
  path: Assets/Prefabs/Grounds/GrassMid.prefab
  artifactKey: Guid(af4097f9e9982814b8e7c9353711e0e9) Importer(815301076,1909f56bfc062723c751e8b465ee728b)
Start importing Assets/Prefabs/Grounds/GrassMid.prefab using Guid(af4097f9e9982814b8e7c9353711e0e9) Importer(815301076,1909f56bfc062723c751e8b465ee728b)  -> (artifact id: 'dbe3e959455a1e8c860f22d81b7e3cf9') in 0.013447 seconds 
========================================================================
Received Import Request.
  Time since last request: 0.000027 seconds.
  path: Assets/Prefabs/Grounds/GrassCliffMid.prefab
  artifactKey: Guid(b9600b9a658a4eb4e975a0e123c12d39) Importer(815301076,1909f56bfc062723c751e8b465ee728b)
Start importing Assets/Prefabs/Grounds/GrassCliffMid.prefab using Guid(b9600b9a658a4eb4e975a0e123c12d39) Importer(815301076,1909f56bfc062723c751e8b465ee728b)  -> (artifact id: 'a6c4a96448a7c16e053afb6402c46a85') in 0.012795 seconds 
========================================================================
Received Import Request.
  Time since last request: 0.000045 seconds.
  path: Assets/Prefabs/Grounds/GrassJoinHillLeft.prefab
  artifactKey: Guid(1452e84fa7962f94896d3c688acabfa0) Importer(815301076,1909f56bfc062723c751e8b465ee728b)
Start importing Assets/Prefabs/Grounds/GrassJoinHillLeft.prefab using Guid(1452e84fa7962f94896d3c688acabfa0) Importer(815301076,1909f56bfc062723c751e8b465ee728b)  -> (artifact id: 'adf2e1ff529a9521a8c7b8d6e468f68b') in 0.011997 seconds 
========================================================================
Received Import Request.
  Time since last request: 0.000019 seconds.
  path: Assets/Prefabs/Grounds/GrassHillRight2.prefab
  artifactKey: Guid(2de0386b49f49e7459c66d4c8acc4a63) Importer(815301076,1909f56bfc062723c751e8b465ee728b)
Start importing Assets/Prefabs/Grounds/GrassHillRight2.prefab using Guid(2de0386b49f49e7459c66d4c8acc4a63) Importer(815301076,1909f56bfc062723c751e8b465ee728b)  -> (artifact id: 'a6f50d1587adc00790c56a7bb8938bd2') in 0.013580 seconds 
========================================================================
Received Import Request.
  Time since last request: 0.000021 seconds.
  path: Assets/Prefabs/Grounds/GrassCliffRight.prefab
  artifactKey: Guid(0346cda6bdb2ded4c8921de5c91828e4) Importer(815301076,1909f56bfc062723c751e8b465ee728b)
Start importing Assets/Prefabs/Grounds/GrassCliffRight.prefab using Guid(0346cda6bdb2ded4c8921de5c91828e4) Importer(815301076,1909f56bfc062723c751e8b465ee728b)  -> (artifact id: '28cc263ac1f0c6bc0b706a0796977e1c') in 0.012477 seconds 
========================================================================
Received Import Request.
  Time since last request: 0.000023 seconds.
  path: Assets/Prefabs/Grounds/Grass.prefab
  artifactKey: Guid(20e0804ba1dc6274db624f7c610b37b2) Importer(815301076,1909f56bfc062723c751e8b465ee728b)
Start importing Assets/Prefabs/Grounds/Grass.prefab using Guid(20e0804ba1dc6274db624f7c610b37b2) Importer(815301076,1909f56bfc062723c751e8b465ee728b)  -> (artifact id: '9283000cdbbaa10b62402cfc5b773f4c') in 0.014354 seconds 
========================================================================
Received Import Request.
  Time since last request: 0.300253 seconds.
  path: Assets/Prefabs/Particles/Blood Particle System.prefab
  artifactKey: Guid(c4c2c19b9dda4cb41bcf201a9b421c11) Importer(815301076,1909f56bfc062723c751e8b465ee728b)
Start importing Assets/Prefabs/Particles/Blood Particle System.prefab using Guid(c4c2c19b9dda4cb41bcf201a9b421c11) Importer(815301076,1909f56bfc062723c751e8b465ee728b)  -> (artifact id: 'afac22d36457a1145651caa269d81b37') in 0.018591 seconds 
========================================================================
Received Import Request.
  Time since last request: 0.000021 seconds.
  path: Assets/Prefabs/Particles/Water Particle System.prefab
  artifactKey: Guid(8dd7c1a7934a4294db7147a9d20054a5) Importer(815301076,1909f56bfc062723c751e8b465ee728b)
Start importing Assets/Prefabs/Particles/Water Particle System.prefab using Guid(8dd7c1a7934a4294db7147a9d20054a5) Importer(815301076,1909f56bfc062723c751e8b465ee728b)  -> (artifact id: 'ded018d549fa5cb60b572660ad450dbd') in 0.014818 seconds 
========================================================================
Received Import Request.
  Time since last request: 296.252810 seconds.
  path: Assets/Materials/Smoke.mat
  artifactKey: Guid(3ce4f12d3aa13fc4fba99ed4adfe2106) Importer(815301076,1909f56bfc062723c751e8b465ee728b)
Start importing Assets/Materials/Smoke.mat using Guid(3ce4f12d3aa13fc4fba99ed4adfe2106) Importer(815301076,1909f56bfc062723c751e8b465ee728b)  -> (artifact id: '5b47a1c0c72be37543cc9afe297ce47e') in 0.033983 seconds 
========================================================================
Received Import Request.
  Time since last request: 0.860312 seconds.
  path: Assets/Materials/Drop.mat
  artifactKey: Guid(c07f6a4d10bf5534ca0273501363dfef) Importer(815301076,1909f56bfc062723c751e8b465ee728b)
Start importing Assets/Materials/Drop.mat using Guid(c07f6a4d10bf5534ca0273501363dfef) Importer(815301076,1909f56bfc062723c751e8b465ee728b)  -> (artifact id: '3d37bb1ead57edd3d17fa3d4fce2add2') in 0.013172 seconds 
========================================================================
Received Import Request.
  Time since last request: 88.725683 seconds.
  path: Assets/Prefabs/Grounds/Dirt With Physics
  artifactKey: Guid(0d33b74ccc2bc834a87ebd5d14370465) Importer(815301076,1909f56bfc062723c751e8b465ee728b)
Start importing Assets/Prefabs/Grounds/Dirt With Physics using Guid(0d33b74ccc2bc834a87ebd5d14370465) Importer(815301076,1909f56bfc062723c751e8b465ee728b)  -> (artifact id: '722e5bef3e08f477c88c04adefc9cd57') in 0.003409 seconds 
========================================================================
Received Import Request.
  Time since last request: 0.040903 seconds.
  path: Assets/Prefabs/Grounds/Dirt With Physics/Cave Dirt 1.prefab
  artifactKey: Guid(3ae9ab1ab5e50e84b927129cc2f13538) Importer(815301076,1909f56bfc062723c751e8b465ee728b)
Start importing Assets/Prefabs/Grounds/Dirt With Physics/Cave Dirt 1.prefab using Guid(3ae9ab1ab5e50e84b927129cc2f13538) Importer(815301076,1909f56bfc062723c751e8b465ee728b)  -> (artifact id: '41c08863f00f3362e23209929505c6f9') in 0.018142 seconds 
========================================================================
Received Import Request.
  Time since last request: 0.000026 seconds.
  path: Assets/Prefabs/Grounds/Dirt With Physics/column_down 1.prefab
  artifactKey: Guid(17d182b64fd0fb143b3246b4f3550350) Importer(815301076,1909f56bfc062723c751e8b465ee728b)
Start importing Assets/Prefabs/Grounds/Dirt With Physics/column_down 1.prefab using Guid(17d182b64fd0fb143b3246b4f3550350) Importer(815301076,1909f56bfc062723c751e8b465ee728b)  -> (artifact id: '04ccc8129ce4c6e1e044f46479a97f34') in 0.014094 seconds 
========================================================================
Received Import Request.
  Time since last request: 0.000020 seconds.
  path: Assets/Prefabs/Grounds/Dirt With Physics/DirtLeft 1.prefab
  artifactKey: Guid(ede22d97ca59d4a4cbc2a3c8e1424d44) Importer(815301076,1909f56bfc062723c751e8b465ee728b)
Start importing Assets/Prefabs/Grounds/Dirt With Physics/DirtLeft 1.prefab using Guid(ede22d97ca59d4a4cbc2a3c8e1424d44) Importer(815301076,1909f56bfc062723c751e8b465ee728b)  -> (artifact id: 'cd4967b5d4610d6a9e34bb6bde136e14') in 0.012798 seconds 
========================================================================
Received Import Request.
  Time since last request: 0.000022 seconds.
  path: Assets/Prefabs/Grounds/Dirt With Physics/Dirt 1.prefab
  artifactKey: Guid(0d1c612f323c7d94589ea379d9127c5e) Importer(815301076,1909f56bfc062723c751e8b465ee728b)
Start importing Assets/Prefabs/Grounds/Dirt With Physics/Dirt 1.prefab using Guid(0d1c612f323c7d94589ea379d9127c5e) Importer(815301076,1909f56bfc062723c751e8b465ee728b)  -> (artifact id: 'b22d3c8248b31468be19c34f0c0edef4') in 0.013464 seconds 
========================================================================
Received Import Request.
  Time since last request: 0.000027 seconds.
  path: Assets/Prefabs/Grounds/Dirt With Physics/DirtRight 1.prefab
  artifactKey: Guid(62c00a461d4032845a843caa3559b30b) Importer(815301076,1909f56bfc062723c751e8b465ee728b)
Start importing Assets/Prefabs/Grounds/Dirt With Physics/DirtRight 1.prefab using Guid(62c00a461d4032845a843caa3559b30b) Importer(815301076,1909f56bfc062723c751e8b465ee728b)  -> (artifact id: '2b81d7f18b65d0f0c1560691ed0aeb66') in 0.012774 seconds 
========================================================================
Received Import Request.
  Time since last request: 0.000032 seconds.
  path: Assets/Prefabs/Grounds/Dirt With Physics/DirtLeftCorner 1.prefab
  artifactKey: Guid(e4b53a2002064bc46a4c35c8f5b40130) Importer(815301076,1909f56bfc062723c751e8b465ee728b)
Start importing Assets/Prefabs/Grounds/Dirt With Physics/DirtLeftCorner 1.prefab using Guid(e4b53a2002064bc46a4c35c8f5b40130) Importer(815301076,1909f56bfc062723c751e8b465ee728b)  -> (artifact id: 'f45ea69d7a3304e1aa619a456ae76b31') in 0.013204 seconds 
========================================================================
Received Prepare
Registering precompiled user dll's ...
Registered in 0.007449 seconds.
Begin MonoManager ReloadAssembly
Native extension for WindowsStandalone target not found
Native extension for Android target not found
Native extension for WebGL target not found
Refreshing native plugins compatible for Editor in 0.86 ms, found 2 plugins.
Preloading 0 native plugins for Editor in 0.00 ms.
Mono: successfully reloaded assembly
- Completed reload, in  1.641 seconds
Domain Reload Profiling:
	ReloadAssembly (1642ms)
		BeginReloadAssembly (224ms)
			ExecutionOrderSort (0ms)
			DisableScriptedObjects (10ms)
			BackupInstance (0ms)
			ReleaseScriptingObjects (0ms)
			CreateAndSetChildDomain (56ms)
		EndReloadAssembly (1250ms)
			LoadAssemblies (155ms)
			RebuildTransferFunctionScriptingTraits (0ms)
			SetupTypeCache (310ms)
			ReleaseScriptCaches (2ms)
			RebuildScriptCaches (59ms)
			SetupLoadedEditorAssemblies (668ms)
				LogAssemblyErrors (0ms)
				InitializePlatformSupportModulesInManaged (41ms)
				SetLoadedEditorAssemblies (1ms)
				RefreshPlugins (1ms)
				BeforeProcessingInitializeOnLoad (108ms)
				ProcessInitializeOnLoadAttributes (292ms)
				ProcessInitializeOnLoadMethodAttributes (204ms)
				AfterProcessingInitializeOnLoad (21ms)
				EditorAssembliesLoaded (0ms)
			ExecutionOrderSort2 (0ms)
			AwakeInstancesAfterBackupRestoration (12ms)
Platform modules already initialized, skipping
Refreshing native plugins compatible for Editor in 8.44 ms, found 2 plugins.
Preloading 0 native plugins for Editor in 0.00 ms.
Unloading 2364 Unused Serialized files (Serialized files now loaded: 0)
Unloading 58 unused Assets / (171.0 KB). Loaded Objects now: 2881.
Memory consumption went from 100.8 MB to 100.6 MB.
Total: 7.786000 ms (FindLiveObjects: 0.316800 ms CreateObjectMapping: 0.091800 ms MarkObjects: 7.298200 ms  DeleteObjects: 0.077400 ms)

AssetImportParameters requested are different than current active one (requested -> active):
  custom:video-decoder-ogg-theora: a1e56fd34408186e4bbccfd4996cb3dc -> 
  custom:container-muxer-webm: aa71ff27fc2769a1b78a27578f13a17b -> 
  custom:container-demuxer-webm: 4f35f7cbe854078d1ac9338744f61a02 -> 
  custom:video-encoder-webm-vp8: eb34c28f22e8b96e1ab97ce403110664 -> 
  custom:audio-encoder-webm-vorbis: bf7c407c2cedff20999df2af8eb42d56 -> 
  custom:framework-win-MediaFoundation: 216162199b28c13a410421893ffa2e32 -> 
  custom:container-demuxer-ogg: 62fdf1f143b41e24485cea50d1cbac27 -> 
  custom:video-decoder-webm-vp8: 9c59270c3fd7afecdb556c50c9e8de78 -> 
  custom:audio-decoder-ogg-vorbis: bf7c407c2cedff20999df2af8eb42d56 -> 
